mode: set
studentgit.kata.academy/REmakerzz/go-kata/course1/11.type_composite/1.composite_array/task1.11.1.1/main.go:7.13,18.2 6 0
studentgit.kata.academy/REmakerzz/go-kata/course1/11.type_composite/1.composite_array/task1.11.1.1/main.go:20.25,22.31 2 1
studentgit.kata.academy/REmakerzz/go-kata/course1/11.type_composite/1.composite_array/task1.11.1.1/main.go:25.2,25.15 1 1
studentgit.kata.academy/REmakerzz/go-kata/course1/11.type_composite/1.composite_array/task1.11.1.1/main.go:22.31,24.3 1 1
studentgit.kata.academy/REmakerzz/go-kata/course1/11.type_composite/1.composite_array/task1.11.1.1/main.go:28.33,30.31 2 1
studentgit.kata.academy/REmakerzz/go-kata/course1/11.type_composite/1.composite_array/task1.11.1.1/main.go:33.2,33.19 1 1
studentgit.kata.academy/REmakerzz/go-kata/course1/11.type_composite/1.composite_array/task1.11.1.1/main.go:30.31,32.3 1 1
studentgit.kata.academy/REmakerzz/go-kata/course1/11.type_composite/1.composite_array/task1.11.1.1/main.go:36.42,38.31 2 1
studentgit.kata.academy/REmakerzz/go-kata/course1/11.type_composite/1.composite_array/task1.11.1.1/main.go:41.2,41.19 1 1
studentgit.kata.academy/REmakerzz/go-kata/course1/11.type_composite/1.composite_array/task1.11.1.1/main.go:38.31,40.3 1 1
studentgit.kata.academy/REmakerzz/go-kata/course1/11.type_composite/1.composite_array/task1.11.1.1/main.go:44.32,45.33 1 1
studentgit.kata.academy/REmakerzz/go-kata/course1/11.type_composite/1.composite_array/task1.11.1.1/main.go:48.2,48.11 1 1
studentgit.kata.academy/REmakerzz/go-kata/course1/11.type_composite/1.composite_array/task1.11.1.1/main.go:45.33,47.3 1 1
