mode: set
studentgit.kata.academy/REmakerzz/go-kata/course2/2.oop/4.oop_client/task2.2.4.1/main.go:68.46,73.27 2 1
studentgit.kata.academy/REmakerzz/go-kata/course2/2.oop/4.oop_client/task2.2.4.1/main.go:76.2,76.13 1 1
studentgit.kata.academy/REmakerzz/go-kata/course2/2.oop/4.oop_client/task2.2.4.1/main.go:73.27,75.3 1 1
studentgit.kata.academy/REmakerzz/go-kata/course2/2.oop/4.oop_client/task2.2.4.1/main.go:79.55,80.26 1 0
studentgit.kata.academy/REmakerzz/go-kata/course2/2.oop/4.oop_client/task2.2.4.1/main.go:80.26,82.3 1 0
studentgit.kata.academy/REmakerzz/go-kata/course2/2.oop/4.oop_client/task2.2.4.1/main.go:85.43,86.26 1 1
studentgit.kata.academy/REmakerzz/go-kata/course2/2.oop/4.oop_client/task2.2.4.1/main.go:86.26,88.3 1 1
studentgit.kata.academy/REmakerzz/go-kata/course2/2.oop/4.oop_client/task2.2.4.1/main.go:91.60,93.16 2 1
studentgit.kata.academy/REmakerzz/go-kata/course2/2.oop/4.oop_client/task2.2.4.1/main.go:96.2,99.67 3 1
studentgit.kata.academy/REmakerzz/go-kata/course2/2.oop/4.oop_client/task2.2.4.1/main.go:102.2,102.20 1 1
studentgit.kata.academy/REmakerzz/go-kata/course2/2.oop/4.oop_client/task2.2.4.1/main.go:93.16,95.3 1 0
studentgit.kata.academy/REmakerzz/go-kata/course2/2.oop/4.oop_client/task2.2.4.1/main.go:99.67,101.3 1 0
studentgit.kata.academy/REmakerzz/go-kata/course2/2.oop/4.oop_client/task2.2.4.1/main.go:105.70,108.16 3 0
studentgit.kata.academy/REmakerzz/go-kata/course2/2.oop/4.oop_client/task2.2.4.1/main.go:111.2,114.67 3 0
studentgit.kata.academy/REmakerzz/go-kata/course2/2.oop/4.oop_client/task2.2.4.1/main.go:117.2,117.20 1 0
studentgit.kata.academy/REmakerzz/go-kata/course2/2.oop/4.oop_client/task2.2.4.1/main.go:108.16,110.3 1 0
studentgit.kata.academy/REmakerzz/go-kata/course2/2.oop/4.oop_client/task2.2.4.1/main.go:114.67,116.3 1 0
studentgit.kata.academy/REmakerzz/go-kata/course2/2.oop/4.oop_client/task2.2.4.1/main.go:120.91,123.16 3 0
studentgit.kata.academy/REmakerzz/go-kata/course2/2.oop/4.oop_client/task2.2.4.1/main.go:126.2,129.70 3 0
studentgit.kata.academy/REmakerzz/go-kata/course2/2.oop/4.oop_client/task2.2.4.1/main.go:132.2,132.23 1 0
studentgit.kata.academy/REmakerzz/go-kata/course2/2.oop/4.oop_client/task2.2.4.1/main.go:123.16,125.3 1 0
studentgit.kata.academy/REmakerzz/go-kata/course2/2.oop/4.oop_client/task2.2.4.1/main.go:129.70,131.3 1 0
studentgit.kata.academy/REmakerzz/go-kata/course2/2.oop/4.oop_client/task2.2.4.1/main.go:135.50,137.16 2 0
studentgit.kata.academy/REmakerzz/go-kata/course2/2.oop/4.oop_client/task2.2.4.1/main.go:140.2,143.71 3 0
studentgit.kata.academy/REmakerzz/go-kata/course2/2.oop/4.oop_client/task2.2.4.1/main.go:146.2,146.24 1 0
studentgit.kata.academy/REmakerzz/go-kata/course2/2.oop/4.oop_client/task2.2.4.1/main.go:137.16,139.3 1 0
studentgit.kata.academy/REmakerzz/go-kata/course2/2.oop/4.oop_client/task2.2.4.1/main.go:143.71,145.3 1 0
studentgit.kata.academy/REmakerzz/go-kata/course2/2.oop/4.oop_client/task2.2.4.1/main.go:149.104,157.16 7 1
studentgit.kata.academy/REmakerzz/go-kata/course2/2.oop/4.oop_client/task2.2.4.1/main.go:160.2,163.68 3 1
studentgit.kata.academy/REmakerzz/go-kata/course2/2.oop/4.oop_client/task2.2.4.1/main.go:166.2,166.21 1 1
studentgit.kata.academy/REmakerzz/go-kata/course2/2.oop/4.oop_client/task2.2.4.1/main.go:157.16,159.3 1 0
studentgit.kata.academy/REmakerzz/go-kata/course2/2.oop/4.oop_client/task2.2.4.1/main.go:163.68,165.3 1 0
studentgit.kata.academy/REmakerzz/go-kata/course2/2.oop/4.oop_client/task2.2.4.1/main.go:169.95,171.16 2 1
studentgit.kata.academy/REmakerzz/go-kata/course2/2.oop/4.oop_client/task2.2.4.1/main.go:175.2,176.41 2 1
studentgit.kata.academy/REmakerzz/go-kata/course2/2.oop/4.oop_client/task2.2.4.1/main.go:179.2,179.20 1 1
studentgit.kata.academy/REmakerzz/go-kata/course2/2.oop/4.oop_client/task2.2.4.1/main.go:171.16,173.3 1 0
studentgit.kata.academy/REmakerzz/go-kata/course2/2.oop/4.oop_client/task2.2.4.1/main.go:176.41,178.3 1 1
studentgit.kata.academy/REmakerzz/go-kata/course2/2.oop/4.oop_client/task2.2.4.1/main.go:182.47,186.2 3 0
studentgit.kata.academy/REmakerzz/go-kata/course2/2.oop/4.oop_client/task2.2.4.1/main.go:188.13,192.16 3 0
studentgit.kata.academy/REmakerzz/go-kata/course2/2.oop/4.oop_client/task2.2.4.1/main.go:196.2,199.16 3 0
studentgit.kata.academy/REmakerzz/go-kata/course2/2.oop/4.oop_client/task2.2.4.1/main.go:203.2,203.34 1 0
studentgit.kata.academy/REmakerzz/go-kata/course2/2.oop/4.oop_client/task2.2.4.1/main.go:192.16,195.3 2 0
studentgit.kata.academy/REmakerzz/go-kata/course2/2.oop/4.oop_client/task2.2.4.1/main.go:199.16,202.3 2 0
