mode: set
studentgit.kata.academy/REmakerzz/go-kata/course1/13.popular_package/2.package_strings/task1.13.2.1/main.go:8.66,9.19 1 1
studentgit.kata.academy/REmakerzz/go-kata/course1/13.popular_package/2.package_strings/task1.13.2.1/main.go:12.2,12.21 1 1
studentgit.kata.academy/REmakerzz/go-kata/course1/13.popular_package/2.package_strings/task1.13.2.1/main.go:15.2,18.36 3 1
studentgit.kata.academy/REmakerzz/go-kata/course1/13.popular_package/2.package_strings/task1.13.2.1/main.go:22.2,24.29 2 1
studentgit.kata.academy/REmakerzz/go-kata/course1/13.popular_package/2.package_strings/task1.13.2.1/main.go:29.2,29.15 1 1
studentgit.kata.academy/REmakerzz/go-kata/course1/13.popular_package/2.package_strings/task1.13.2.1/main.go:9.19,11.3 1 1
studentgit.kata.academy/REmakerzz/go-kata/course1/13.popular_package/2.package_strings/task1.13.2.1/main.go:12.21,14.3 1 1
studentgit.kata.academy/REmakerzz/go-kata/course1/13.popular_package/2.package_strings/task1.13.2.1/main.go:18.36,20.3 1 1
studentgit.kata.academy/REmakerzz/go-kata/course1/13.popular_package/2.package_strings/task1.13.2.1/main.go:24.29,27.3 2 1
studentgit.kata.academy/REmakerzz/go-kata/course1/13.popular_package/2.package_strings/task1.13.2.1/main.go:32.13,42.2 4 0
